<?xml version="1.0" encoding="UTF-8"?>
<testng-results ignored="0" total="18" passed="18" failed="0" skipped="0">
  <reporter-output>
  </reporter-output>
  <suite started-at="2024-06-18T17:50:05 IST" name="MovieAppTestSuite" finished-at="2024-06-18T17:51:14 IST" duration-ms="68741">
    <groups>
    </groups>
    <test started-at="2024-06-18T17:50:05 IST" name="Movie_App_Test" finished-at="2024-06-18T17:51:14 IST" duration-ms="68741">
      <class name="org.actualPages.HeaderSectionTest">
        <test-method is-config="true" signature="setUp()[pri:0, instance:org.actualPages.HeaderSectionTest@7188af83]" started-at="2024-06-18T17:50:22 IST" name="setUp" finished-at="2024-06-18T17:50:26 IST" duration-ms="4136" status="PASS">
          <reporter-output>
          </reporter-output>
        </test-method> <!-- setUp -->
        <test-method signature="testHeaderSectionUI()[pri:1, instance:org.actualPages.HeaderSectionTest@7188af83]" started-at="2024-06-18T17:50:26 IST" name="testHeaderSectionUI" finished-at="2024-06-18T17:50:27 IST" duration-ms="457" status="PASS">
          <reporter-output>
          </reporter-output>
        </test-method> <!-- testHeaderSectionUI -->
        <test-method is-config="true" signature="tearDown()[pri:0, instance:org.actualPages.HeaderSectionTest@7188af83]" started-at="2024-06-18T17:50:27 IST" name="tearDown" finished-at="2024-06-18T17:50:28 IST" duration-ms="1461" status="PASS">
          <reporter-output>
          </reporter-output>
        </test-method> <!-- tearDown -->
        <test-method is-config="true" signature="setUp()[pri:0, instance:org.actualPages.HeaderSectionTest@7188af83]" started-at="2024-06-18T17:50:28 IST" name="setUp" finished-at="2024-06-18T17:50:33 IST" duration-ms="4736" status="PASS">
          <reporter-output>
          </reporter-output>
        </test-method> <!-- setUp -->
        <test-method signature="testHeaderSectionFunctionalities()[pri:2, instance:org.actualPages.HeaderSectionTest@7188af83]" started-at="2024-06-18T17:50:33 IST" name="testHeaderSectionFunctionalities" finished-at="2024-06-18T17:50:34 IST" duration-ms="1066" status="PASS">
          <reporter-output>
          </reporter-output>
        </test-method> <!-- testHeaderSectionFunctionalities -->
        <test-method is-config="true" signature="tearDown()[pri:0, instance:org.actualPages.HeaderSectionTest@7188af83]" started-at="2024-06-18T17:50:34 IST" name="tearDown" finished-at="2024-06-18T17:50:36 IST" duration-ms="1624" status="PASS">
          <reporter-output>
          </reporter-output>
        </test-method> <!-- tearDown -->
      </class> <!-- org.actualPages.HeaderSectionTest -->
      <class name="org.actualPages.LoginPageTest">
        <test-method is-config="true" signature="setUp()[pri:0, instance:org.actualPages.LoginPageTest@cb0755b]" started-at="2024-06-18T17:50:48 IST" name="setUp" finished-at="2024-06-18T17:50:51 IST" duration-ms="3831" status="PASS">
          <reporter-output>
          </reporter-output>
        </test-method> <!-- setUp -->
        <test-method signature="testLoginPageUI()[pri:1, instance:org.actualPages.LoginPageTest@cb0755b]" started-at="2024-06-18T17:50:51 IST" name="testLoginPageUI" finished-at="2024-06-18T17:50:52 IST" duration-ms="259" status="PASS">
          <reporter-output>
          </reporter-output>
        </test-method> <!-- testLoginPageUI -->
        <test-method is-config="true" signature="tearDown()[pri:0, instance:org.actualPages.LoginPageTest@cb0755b]" started-at="2024-06-18T17:50:52 IST" name="tearDown" finished-at="2024-06-18T17:50:52 IST" duration-ms="806" status="PASS">
          <reporter-output>
          </reporter-output>
        </test-method> <!-- tearDown -->
        <test-method is-config="true" signature="setUp()[pri:0, instance:org.actualPages.LoginPageTest@cb0755b]" started-at="2024-06-18T17:50:52 IST" name="setUp" finished-at="2024-06-18T17:50:55 IST" duration-ms="2864" status="PASS">
          <reporter-output>
          </reporter-output>
        </test-method> <!-- setUp -->
        <test-method signature="testLoginWithEmptyInputs()[pri:2, instance:org.actualPages.LoginPageTest@cb0755b]" started-at="2024-06-18T17:50:55 IST" name="testLoginWithEmptyInputs" finished-at="2024-06-18T17:50:58 IST" duration-ms="2468" status="PASS">
          <reporter-output>
          </reporter-output>
        </test-method> <!-- testLoginWithEmptyInputs -->
        <test-method is-config="true" signature="tearDown()[pri:0, instance:org.actualPages.LoginPageTest@cb0755b]" started-at="2024-06-18T17:50:58 IST" name="tearDown" finished-at="2024-06-18T17:50:58 IST" duration-ms="623" status="PASS">
          <reporter-output>
          </reporter-output>
        </test-method> <!-- tearDown -->
        <test-method is-config="true" signature="setUp()[pri:0, instance:org.actualPages.LoginPageTest@cb0755b]" started-at="2024-06-18T17:50:58 IST" name="setUp" finished-at="2024-06-18T17:51:02 IST" duration-ms="3646" status="PASS">
          <reporter-output>
          </reporter-output>
        </test-method> <!-- setUp -->
        <test-method signature="testLoginWithEmptyUsername()[pri:3, instance:org.actualPages.LoginPageTest@cb0755b]" started-at="2024-06-18T17:51:02 IST" name="testLoginWithEmptyUsername" finished-at="2024-06-18T17:51:03 IST" duration-ms="1248" status="PASS">
          <reporter-output>
          </reporter-output>
        </test-method> <!-- testLoginWithEmptyUsername -->
        <test-method is-config="true" signature="tearDown()[pri:0, instance:org.actualPages.LoginPageTest@cb0755b]" started-at="2024-06-18T17:51:03 IST" name="tearDown" finished-at="2024-06-18T17:51:04 IST" duration-ms="313" status="PASS">
          <reporter-output>
          </reporter-output>
        </test-method> <!-- tearDown -->
        <test-method is-config="true" signature="setUp()[pri:0, instance:org.actualPages.LoginPageTest@cb0755b]" started-at="2024-06-18T17:51:04 IST" name="setUp" finished-at="2024-06-18T17:51:06 IST" duration-ms="2310" status="PASS">
          <reporter-output>
          </reporter-output>
        </test-method> <!-- setUp -->
        <test-method signature="testLoginWithEmptyPassword()[pri:4, instance:org.actualPages.LoginPageTest@cb0755b]" started-at="2024-06-18T17:51:06 IST" name="testLoginWithEmptyPassword" finished-at="2024-06-18T17:51:07 IST" duration-ms="942" status="PASS">
          <reporter-output>
          </reporter-output>
        </test-method> <!-- testLoginWithEmptyPassword -->
        <test-method is-config="true" signature="tearDown()[pri:0, instance:org.actualPages.LoginPageTest@cb0755b]" started-at="2024-06-18T17:51:07 IST" name="tearDown" finished-at="2024-06-18T17:51:07 IST" duration-ms="293" status="PASS">
          <reporter-output>
          </reporter-output>
        </test-method> <!-- tearDown -->
        <test-method is-config="true" signature="setUp()[pri:0, instance:org.actualPages.LoginPageTest@cb0755b]" started-at="2024-06-18T17:51:07 IST" name="setUp" finished-at="2024-06-18T17:51:09 IST" duration-ms="2329" status="PASS">
          <reporter-output>
          </reporter-output>
        </test-method> <!-- setUp -->
        <test-method signature="testLoginWithInvalidCred()[pri:4, instance:org.actualPages.LoginPageTest@cb0755b]" started-at="2024-06-18T17:51:09 IST" name="testLoginWithInvalidCred" finished-at="2024-06-18T17:51:10 IST" duration-ms="897" status="PASS">
          <reporter-output>
          </reporter-output>
        </test-method> <!-- testLoginWithInvalidCred -->
        <test-method is-config="true" signature="tearDown()[pri:0, instance:org.actualPages.LoginPageTest@cb0755b]" started-at="2024-06-18T17:51:10 IST" name="tearDown" finished-at="2024-06-18T17:51:11 IST" duration-ms="264" status="PASS">
          <reporter-output>
          </reporter-output>
        </test-method> <!-- tearDown -->
        <test-method is-config="true" signature="setUp()[pri:0, instance:org.actualPages.LoginPageTest@cb0755b]" started-at="2024-06-18T17:51:11 IST" name="setUp" finished-at="2024-06-18T17:51:13 IST" duration-ms="2373" status="PASS">
          <reporter-output>
          </reporter-output>
        </test-method> <!-- setUp -->
        <test-method signature="testLoginWithValidCred()[pri:5, instance:org.actualPages.LoginPageTest@cb0755b]" started-at="2024-06-18T17:51:13 IST" name="testLoginWithValidCred" finished-at="2024-06-18T17:51:14 IST" duration-ms="838" status="PASS">
          <reporter-output>
          </reporter-output>
        </test-method> <!-- testLoginWithValidCred -->
        <test-method is-config="true" signature="tearDown()[pri:0, instance:org.actualPages.LoginPageTest@cb0755b]" started-at="2024-06-18T17:51:14 IST" name="tearDown" finished-at="2024-06-18T17:51:14 IST" duration-ms="277" status="PASS">
          <reporter-output>
          </reporter-output>
        </test-method> <!-- tearDown -->
      </class> <!-- org.actualPages.LoginPageTest -->
      <class name="org.actualPages.SearchPageTest">
        <test-method is-config="true" signature="setUp()[pri:0, instance:org.actualPages.SearchPageTest@7c37508a]" started-at="2024-06-18T17:50:05 IST" name="setUp" finished-at="2024-06-18T17:50:14 IST" duration-ms="8189" status="PASS">
          <reporter-output>
          </reporter-output>
        </test-method> <!-- setUp -->
        <test-method signature="searchFunctionalityTest1()[pri:1, instance:org.actualPages.SearchPageTest@7c37508a]" started-at="2024-06-18T17:50:14 IST" name="searchFunctionalityTest1" finished-at="2024-06-18T17:50:15 IST" duration-ms="1379" status="PASS">
          <reporter-output>
          </reporter-output>
        </test-method> <!-- searchFunctionalityTest1 -->
        <test-method is-config="true" signature="tearDown()[pri:0, instance:org.actualPages.SearchPageTest@7c37508a]" started-at="2024-06-18T17:50:15 IST" name="tearDown" finished-at="2024-06-18T17:50:15 IST" duration-ms="454" status="PASS">
          <reporter-output>
          </reporter-output>
        </test-method> <!-- tearDown -->
        <test-method is-config="true" signature="setUp()[pri:0, instance:org.actualPages.SearchPageTest@7c37508a]" started-at="2024-06-18T17:50:15 IST" name="setUp" finished-at="2024-06-18T17:50:21 IST" duration-ms="5792" status="PASS">
          <reporter-output>
          </reporter-output>
        </test-method> <!-- setUp -->
        <test-method signature="searchFunctionalityTest2()[pri:2, instance:org.actualPages.SearchPageTest@7c37508a]" started-at="2024-06-18T17:50:21 IST" name="searchFunctionalityTest2" finished-at="2024-06-18T17:50:22 IST" duration-ms="1179" status="PASS">
          <reporter-output>
          </reporter-output>
        </test-method> <!-- searchFunctionalityTest2 -->
        <test-method is-config="true" signature="tearDown()[pri:0, instance:org.actualPages.SearchPageTest@7c37508a]" started-at="2024-06-18T17:50:22 IST" name="tearDown" finished-at="2024-06-18T17:50:23 IST" duration-ms="557" status="PASS">
          <reporter-output>
          </reporter-output>
        </test-method> <!-- tearDown -->
      </class> <!-- org.actualPages.SearchPageTest -->
      <class name="org.actualPages.MovieDetailsPageTest">
        <test-method is-config="true" signature="setUp()[pri:0, instance:org.actualPages.MovieDetailsPageTest@247310d0]" started-at="2024-06-18T17:50:36 IST" name="setUp" finished-at="2024-06-18T17:50:40 IST" duration-ms="4304" status="PASS">
          <reporter-output>
          </reporter-output>
        </test-method> <!-- setUp -->
        <test-method signature="testHomePageOneMovie()[pri:1, instance:org.actualPages.MovieDetailsPageTest@247310d0]" started-at="2024-06-18T17:50:40 IST" name="testHomePageOneMovie" finished-at="2024-06-18T17:50:41 IST" duration-ms="1413" status="PASS">
          <reporter-output>
          </reporter-output>
        </test-method> <!-- testHomePageOneMovie -->
        <test-method is-config="true" signature="tearDown()[pri:0, instance:org.actualPages.MovieDetailsPageTest@247310d0]" started-at="2024-06-18T17:50:41 IST" name="tearDown" finished-at="2024-06-18T17:50:42 IST" duration-ms="282" status="PASS">
          <reporter-output>
          </reporter-output>
        </test-method> <!-- tearDown -->
        <test-method is-config="true" signature="setUp()[pri:0, instance:org.actualPages.MovieDetailsPageTest@247310d0]" started-at="2024-06-18T17:50:42 IST" name="setUp" finished-at="2024-06-18T17:50:48 IST" duration-ms="6213" status="PASS">
          <reporter-output>
          </reporter-output>
        </test-method> <!-- setUp -->
        <test-method signature="testPopularPageOneMovie()[pri:2, instance:org.actualPages.MovieDetailsPageTest@247310d0]" started-at="2024-06-18T17:50:48 IST" name="testPopularPageOneMovie" finished-at="2024-06-18T17:50:52 IST" duration-ms="3857" status="PASS">
          <reporter-output>
          </reporter-output>
        </test-method> <!-- testPopularPageOneMovie -->
        <test-method is-config="true" signature="tearDown()[pri:0, instance:org.actualPages.MovieDetailsPageTest@247310d0]" started-at="2024-06-18T17:50:52 IST" name="tearDown" finished-at="2024-06-18T17:50:53 IST" duration-ms="846" status="PASS">
          <reporter-output>
          </reporter-output>
        </test-method> <!-- tearDown -->
      </class> <!-- org.actualPages.MovieDetailsPageTest -->
      <class name="org.actualPages.PopularPageTest">
        <test-method is-config="true" signature="setUp()[pri:0, instance:org.actualPages.PopularPageTest@6be968ce]" started-at="2024-06-18T17:50:53 IST" name="setUp" finished-at="2024-06-18T17:50:59 IST" duration-ms="6276" status="PASS">
          <reporter-output>
          </reporter-output>
        </test-method> <!-- setUp -->
        <test-method signature="testMoviesDisplayed()[pri:1, instance:org.actualPages.PopularPageTest@6be968ce]" started-at="2024-06-18T17:50:59 IST" name="testMoviesDisplayed" finished-at="2024-06-18T17:51:02 IST" duration-ms="3035" status="PASS">
          <reporter-output>
          </reporter-output>
        </test-method> <!-- testMoviesDisplayed -->
        <test-method is-config="true" signature="tearDown()[pri:0, instance:org.actualPages.PopularPageTest@6be968ce]" started-at="2024-06-18T17:51:02 IST" name="tearDown" finished-at="2024-06-18T17:51:03 IST" duration-ms="753" status="PASS">
          <reporter-output>
          </reporter-output>
        </test-method> <!-- tearDown -->
      </class> <!-- org.actualPages.PopularPageTest -->
      <class name="org.actualPages.HomePageTest">
        <test-method is-config="true" signature="setUp()[pri:0, instance:org.actualPages.HomePageTest@59402b8f]" started-at="2024-06-18T17:50:23 IST" name="setUp" finished-at="2024-06-18T17:50:31 IST" duration-ms="7504" status="PASS">
          <reporter-output>
          </reporter-output>
        </test-method> <!-- setUp -->
        <test-method signature="testHeadingsOfEachSection()[pri:1, instance:org.actualPages.HomePageTest@59402b8f]" started-at="2024-06-18T17:50:31 IST" name="testHeadingsOfEachSection" finished-at="2024-06-18T17:50:31 IST" duration-ms="562" status="PASS">
          <reporter-output>
          </reporter-output>
        </test-method> <!-- testHeadingsOfEachSection -->
        <test-method is-config="true" signature="tearDown()[pri:0, instance:org.actualPages.HomePageTest@59402b8f]" started-at="2024-06-18T17:50:31 IST" name="tearDown" finished-at="2024-06-18T17:50:32 IST" duration-ms="853" status="PASS">
          <reporter-output>
          </reporter-output>
        </test-method> <!-- tearDown -->
        <test-method is-config="true" signature="setUp()[pri:0, instance:org.actualPages.HomePageTest@59402b8f]" started-at="2024-06-18T17:50:32 IST" name="setUp" finished-at="2024-06-18T17:50:39 IST" duration-ms="7315" status="PASS">
          <reporter-output>
          </reporter-output>
        </test-method> <!-- setUp -->
        <test-method signature="testPlayButtonIsDisplayed()[pri:2, instance:org.actualPages.HomePageTest@59402b8f]" started-at="2024-06-18T17:50:39 IST" name="testPlayButtonIsDisplayed" finished-at="2024-06-18T17:50:40 IST" duration-ms="363" status="PASS">
          <reporter-output>
          </reporter-output>
        </test-method> <!-- testPlayButtonIsDisplayed -->
        <test-method is-config="true" signature="tearDown()[pri:0, instance:org.actualPages.HomePageTest@59402b8f]" started-at="2024-06-18T17:50:40 IST" name="tearDown" finished-at="2024-06-18T17:50:40 IST" duration-ms="606" status="PASS">
          <reporter-output>
          </reporter-output>
        </test-method> <!-- tearDown -->
        <test-method is-config="true" signature="setUp()[pri:0, instance:org.actualPages.HomePageTest@59402b8f]" started-at="2024-06-18T17:50:40 IST" name="setUp" finished-at="2024-06-18T17:50:46 IST" duration-ms="5924" status="PASS">
          <reporter-output>
          </reporter-output>
        </test-method> <!-- setUp -->
        <test-method signature="testContactUsSection()[pri:3, instance:org.actualPages.HomePageTest@59402b8f]" started-at="2024-06-18T17:50:46 IST" name="testContactUsSection" finished-at="2024-06-18T17:50:47 IST" duration-ms="814" status="PASS">
          <reporter-output>
          </reporter-output>
        </test-method> <!-- testContactUsSection -->
        <test-method is-config="true" signature="tearDown()[pri:0, instance:org.actualPages.HomePageTest@59402b8f]" started-at="2024-06-18T17:50:47 IST" name="tearDown" finished-at="2024-06-18T17:50:48 IST" duration-ms="546" status="PASS">
          <reporter-output>
          </reporter-output>
        </test-method> <!-- tearDown -->
      </class> <!-- org.actualPages.HomePageTest -->
      <class name="org.actualPages.AccountPageTest">
        <test-method is-config="true" signature="setUp()[pri:0, instance:org.actualPages.AccountPageTest@1033576a]" started-at="2024-06-18T17:50:05 IST" name="setUp" finished-at="2024-06-18T17:50:13 IST" duration-ms="7149" status="PASS">
          <reporter-output>
          </reporter-output>
        </test-method> <!-- setUp -->
        <test-method signature="testAccountPageUI()[pri:1, instance:org.actualPages.AccountPageTest@1033576a]" started-at="2024-06-18T17:50:13 IST" name="testAccountPageUI" finished-at="2024-06-18T17:50:15 IST" duration-ms="2196" status="PASS">
          <reporter-output>
          </reporter-output>
        </test-method> <!-- testAccountPageUI -->
        <test-method is-config="true" signature="tearDown()[pri:0, instance:org.actualPages.AccountPageTest@1033576a]" started-at="2024-06-18T17:50:15 IST" name="tearDown" finished-at="2024-06-18T17:50:15 IST" duration-ms="642" status="PASS">
          <reporter-output>
          </reporter-output>
        </test-method> <!-- tearDown -->
        <test-method is-config="true" signature="setUp()[pri:0, instance:org.actualPages.AccountPageTest@1033576a]" started-at="2024-06-18T17:50:15 IST" name="setUp" finished-at="2024-06-18T17:50:20 IST" duration-ms="4673" status="PASS">
          <reporter-output>
          </reporter-output>
        </test-method> <!-- setUp -->
        <test-method signature="testLogoutFunctionality()[pri:2, instance:org.actualPages.AccountPageTest@1033576a]" started-at="2024-06-18T17:50:20 IST" name="testLogoutFunctionality" finished-at="2024-06-18T17:50:21 IST" duration-ms="819" status="PASS">
          <reporter-output>
          </reporter-output>
        </test-method> <!-- testLogoutFunctionality -->
        <test-method is-config="true" signature="tearDown()[pri:0, instance:org.actualPages.AccountPageTest@1033576a]" started-at="2024-06-18T17:50:21 IST" name="tearDown" finished-at="2024-06-18T17:50:22 IST" duration-ms="1246" status="PASS">
          <reporter-output>
          </reporter-output>
        </test-method> <!-- tearDown -->
      </class> <!-- org.actualPages.AccountPageTest -->
    </test> <!-- Movie_App_Test -->
  </suite> <!-- MovieAppTestSuite -->
</testng-results>
