<?xml version="1.0" encoding="UTF-8"?>
<!-- Generated by org.testng.reporters.JUnitXMLReporter -->
<testsuite ignored="0" hostname="DESKTOP-TRS5BRO" failures="0" tests="18" name="Movie_App_Test" time="68.741" errors="0" timestamp="2024-06-18T17:51:14 IST">
  <testcase classname="org.actualPages.AccountPageTest" name="testAccountPageUI" time="2.196"/>
  <testcase classname="org.actualPages.SearchPageTest" name="searchFunctionalityTest1" time="1.379"/>
  <testcase classname="org.actualPages.AccountPageTest" name="testLogoutFunctionality" time="0.819"/>
  <testcase classname="org.actualPages.SearchPageTest" name="searchFunctionalityTest2" time="1.179"/>
  <testcase classname="org.actualPages.HeaderSectionTest" name="testHeaderSectionUI" time="0.457"/>
  <testcase classname="org.actualPages.HomePageTest" name="testHeadingsOfEachSection" time="0.562"/>
  <testcase classname="org.actualPages.HeaderSectionTest" name="testHeaderSectionFunctionalities" time="1.066"/>
  <testcase classname="org.actualPages.HomePageTest" name="testPlayButtonIsDisplayed" time="0.363"/>
  <testcase classname="org.actualPages.MovieDetailsPageTest" name="testHomePageOneMovie" time="1.413"/>
  <testcase classname="org.actualPages.HomePageTest" name="testContactUsSection" time="0.814"/>
  <testcase classname="org.actualPages.LoginPageTest" name="testLoginPageUI" time="0.259"/>
  <testcase classname="org.actualPages.MovieDetailsPageTest" name="testPopularPageOneMovie" time="3.857"/>
  <testcase classname="org.actualPages.LoginPageTest" name="testLoginWithEmptyInputs" time="2.468"/>
  <testcase classname="org.actualPages.PopularPageTest" name="testMoviesDisplayed" time="3.035"/>
  <testcase classname="org.actualPages.LoginPageTest" name="testLoginWithEmptyUsername" time="1.248"/>
  <testcase classname="org.actualPages.LoginPageTest" name="testLoginWithEmptyPassword" time="0.942"/>
  <testcase classname="org.actualPages.LoginPageTest" name="testLoginWithInvalidCred" time="0.897"/>
  <testcase classname="org.actualPages.LoginPageTest" name="testLoginWithValidCred" time="0.838"/>
</testsuite> <!-- Movie_App_Test -->
